<?xml version="1.0" encoding="UTF-8"?>
<!-- Generated by org.testng.reporters.JUnitReportReporter -->
<testsuite hostname="Lakshmi" failures="0" tests="1" name="scripts.Script1" time="39.385" errors="0" timestamp="2023-04-24T21:25:10 IST" skipped="0">
  <testcase classname="scripts.Script1" name="testA" time="39.385"/>
  <system-out/>
</testsuite> <!-- scripts.Script1 -->
